  LowLevelOgreNext.cpp
D:\VISUAL_STUDIO_PROJECTS\OgreNext_GameProject\NewGameProject\LowLevelOgreNext.cpp(84,90): warning C4302: 'type cast': truncation from 'HWND' to 'int'
D:\VISUAL_STUDIO_PROJECTS\OgreNext_GameProject\NewGameProject\LowLevelOgreNext.cpp(553,9): warning C4150: deletion of pointer to incomplete type 'Ogre::AtmosphereComponent'; no destructor called
D:\OGRE_NEXT\ogre-next-custom\OgreMain\include\OgrePrerequisites.h(137,11): message : see declaration of 'Ogre::AtmosphereComponent'
  main.cpp
D:\VISUAL_STUDIO_PROJECTS\OgreNext_GameProject\NewGameProject\main.cpp(219,36): warning C4244: 'argument': conversion from 'double' to 'Ogre::Real', possible loss of data
D:\VISUAL_STUDIO_PROJECTS\OgreNext_GameProject\NewGameProject\main.cpp(298,22): warning C4305: 'initializing': truncation from 'double' to 'float'
D:\VISUAL_STUDIO_PROJECTS\OgreNext_GameProject\NewGameProject\main.cpp(370,15): warning C4244: 'return': conversion from 'WPARAM' to 'int', possible loss of data
C:\Program Files\Microsoft Visual Studio\2022\Community\VC\Tools\MSVC\14.36.32532\include\xstring(2765,53): warning C4244: 'argument': conversion from 'wchar_t' to 'const _Elem', possible loss of data
          with
          [
              _Elem=char
          ]
C:\Program Files\Microsoft Visual Studio\2022\Community\VC\Tools\MSVC\14.36.32532\include\xstring(2621,17): message : see reference to function template instantiation 'void std::basic_string<char,std::char_traits<char>,std::allocator<char>>::_Construct_from_iter<wchar_t*,wchar_t*,_Size_type>(_Iter,const _Sent,_Size)' being compiled
          with
          [
              _Size_type=unsigned __int64,
              _Iter=wchar_t *,
              _Sent=wchar_t *,
              _Size=unsigned __int64
          ]
D:\VISUAL_STUDIO_PROJECTS\OgreNext_GameProject\NewGameProject\main.cpp(206,26): message : see reference to function template instantiation 'std::basic_string<char,std::char_traits<char>,std::allocator<char>>::basic_string<std::_String_iterator<std::_String_val<std::_Simple_types<_Elem>>>,0>(_Iter,_Iter,const _Alloc &)' being compiled
          with
          [
              _Elem=wchar_t,
              _Iter=std::_String_iterator<std::_String_val<std::_Simple_types<wchar_t>>>,
              _Alloc=std::allocator<char>
          ]
D:\VISUAL_STUDIO_PROJECTS\OgreNext_GameProject\NewGameProject\main.cpp(206,13): message : see the first reference to 'std::basic_string<char,std::char_traits<char>,std::allocator<char>>::basic_string' in 'render_thread'
  Generating code
  Previous IPDB was built with incompatible compiler, fall back to full compilation.
  All 874 functions were compiled because no usable IPDB/IOBJ from previous compilation was found.
  Finished generating code
  NewGameProject.vcxproj -> D:\VISUAL_STUDIO_PROJECTS\OgreNext_GameProject\bin\Release-x64\NewGameProject\NewGameProject.exe
